
> testcraft-world@1.0.0 dev
> NODE_ENV=development tsx server/index.ts

Using host as-is: 161.97.172.172
Session store MySQL config: {
  host: '161.97.172.172',
  port: 5312,
  database: 'default',
  ssl: 'enabled'
}
Starting server initialization...
🔌 Initializing database connection...
(node:67038) [DEP0123] DeprecationWarning: Setting the TLS ServerName to an IP address is not permitted by RFC 6066. This will be ignored in a future version.
(Use `node --trace-deprecation ...` to show where the warning was created)
Database connection established
✅ Database connection established
Routes registered successfully
Setting up Vite for development...
Vite setup completed
Attempting to start server on port 3000...
10:40:42 PM [express] serving on port 3000
10:40:51 PM [express] serving index.html for /login
Browserslist: browsers data (caniuse-lite) is 12 months old. Please run:
  npx update-browserslist-db@latest
  Why you should do it regularly: https://github.com/browserslist/update-db#readme

A PostCSS plugin did not pass the `from` option to `postcss.parse`. This may cause imported assets to be incorrectly transformed. If you've recently added a PostCSS plugin that raised this warning, please contact the package author to fix the issue.
10:41:10 PM [express] serving index.html for /login
10:41:11 PM [express] serving index.html for /favicon.ico
10:41:17 PM [express] POST /api/auth/login 200 in 242ms :: {"user":{"id":"36761264-a82e-11f0-a726-ea7…
10:41:17 PM [express] GET /api/articles 200 in 444ms :: [{"id":"13cfb578-20bb-4ba5-8641-e3572600e422"…
10:41:17 PM [express] serving index.html for /favicon.ico
10:41:18 PM [express] GET /api/me 200 in 1466ms :: {"user":{"id":"36761264-a82e-11f0-a726-ea76c2634e0…
10:41:18 PM [express] GET /api/me 304 in 204ms :: {"user":{"id":"36761264-a82e-11f0-a726-ea76c2634e0e…
10:41:18 PM [express] GET /api/categories 200 in 1753ms :: [{"id":"3739dba5-a82e-11f0-a726-ea76c2634e…
10:41:19 PM [express] GET /api/me 304 in 200ms :: {"user":{"id":"36761264-a82e-11f0-a726-ea76c2634e0e…
10:41:19 PM [express] serving index.html for /favicon.ico
10:41:20 PM [express] GET /api/drafts 200 in 797ms :: [{"id":"2d5ad8f9-d548-45c2-a867-9b2901a7394f","…
10:41:20 PM [express] GET /api/my-published-articles 200 in 807ms :: [{"id":"13cfb578-20bb-4ba5-8641-…
10:41:47 PM [express] GET /api/me 304 in 226ms :: {"user":{"id":"36761264-a82e-11f0-a726-ea76c2634e0e…
10:41:47 PM [express] serving index.html for /favicon.ico
10:41:47 PM [express] GET /api/me 304 in 197ms :: {"user":{"id":"36761264-a82e-11f0-a726-ea76c2634e0e…
10:42:01 PM [express] serving index.html for /favicon.ico
10:42:01 PM [express] GET /api/me 304 in 192ms :: {"user":{"id":"36761264-a82e-11f0-a726-ea76c2634e0e…
10:42:02 PM [express] GET /api/drafts 304 in 931ms :: [{"id":"2d5ad8f9-d548-45c2-a867-9b2901a7394f","…
10:42:02 PM [express] GET /api/my-published-articles 304 in 945ms :: [{"id":"13cfb578-20bb-4ba5-8641-…
10:43:03 PM [express] GET /api/me 304 in 206ms :: {"user":{"id":"36761264-a82e-11f0-a726-ea76c2634e0e…
10:43:03 PM [express] serving index.html for /favicon.ico
10:43:04 PM [express] GET /api/me 304 in 207ms :: {"user":{"id":"36761264-a82e-11f0-a726-ea76c2634e0e…
10:43:05 PM [express] GET /api/me 304 in 223ms :: {"user":{"id":"36761264-a82e-11f0-a726-ea76c2634e0e…
10:43:05 PM [express] serving index.html for /favicon.ico
10:43:07 PM [express] serving index.html for /favicon.ico
10:43:07 PM [express] GET /api/categories/slug/business 200 in 424ms :: {"id":"375b9894-a82e-11f0-a72…
10:43:07 PM [express] GET /api/me 304 in 200ms :: {"user":{"id":"36761264-a82e-11f0-a726-ea76c2634e0e…
10:43:08 PM [express] GET /api/categories/375b9894-a82e-11f0-a726-ea76c2634e0e/articles 200 in 387ms …
10:43:08 PM [express] POST /api/categories/375b9894-a82e-11f0-a726-ea76c2634e0e/view 200 in 407ms :: …
10:43:09 PM [express] serving index.html for /favicon.ico
10:43:09 PM [express] GET /api/me 304 in 224ms :: {"user":{"id":"36761264-a82e-11f0-a726-ea76c2634e0e…
10:43:09 PM [express] GET /api/me 304 in 204ms :: {"user":{"id":"36761264-a82e-11f0-a726-ea76c2634e0e…
10:43:12 PM [express] serving index.html for /favicon.ico
10:43:12 PM [express] GET /api/me 304 in 226ms :: {"user":{"id":"36761264-a82e-11f0-a726-ea76c2634e0e…
10:43:12 PM [express] GET /api/drafts 304 in 794ms :: [{"id":"2d5ad8f9-d548-45c2-a867-9b2901a7394f","…
10:43:12 PM [express] GET /api/my-published-articles 304 in 799ms :: [{"id":"13cfb578-20bb-4ba5-8641-…
10:44:09 PM [vite] hmr update /src/pages/Dashboard.tsx, /src/index.css?v=C3ZDrY-xh-xlbJ7CSBIcl
10:44:10 PM [express] GET /api/me 304 in 205ms :: {"user":{"id":"36761264-a82e-11f0-a726-ea76c2634e0e…
10:44:10 PM [express] GET /api/my-published-articles 304 in 778ms :: [{"id":"13cfb578-20bb-4ba5-8641-…
10:44:10 PM [express] GET /api/drafts 304 in 795ms :: [{"id":"2d5ad8f9-d548-45c2-a867-9b2901a7394f","…
10:44:13 PM [vite] hmr update /src/pages/Dashboard.tsx, /src/index.css?v=C3ZDrY-xh-xlbJ7CSBIcl
10:44:14 PM [express] GET /api/me 304 in 194ms :: {"user":{"id":"36761264-a82e-11f0-a726-ea76c2634e0e…
10:44:14 PM [express] GET /api/me 304 in 198ms :: {"user":{"id":"36761264-a82e-11f0-a726-ea76c2634e0e…
10:44:15 PM [express] GET /api/drafts 304 in 803ms :: [{"id":"2d5ad8f9-d548-45c2-a867-9b2901a7394f","…
10:44:15 PM [express] GET /api/my-published-articles 304 in 848ms :: [{"id":"13cfb578-20bb-4ba5-8641-…
10:44:19 PM [vite] hmr update /src/pages/Admin.tsx, /src/index.css?v=C3ZDrY-xh-xlbJ7CSBIcl
10:44:28 PM [vite] hmr update /src/pages/Admin.tsx, /src/index.css?v=C3ZDrY-xh-xlbJ7CSBIcl
10:44:42 PM [vite] hmr update /src/pages/Admin.tsx, /src/index.css?v=C3ZDrY-xh-xlbJ7CSBIcl
10:44:42 PM [vite] hmr update /src/pages/Dashboard.tsx, /src/index.css?v=C3ZDrY-xh-xlbJ7CSBIcl
10:44:43 PM [express] GET /api/me 304 in 203ms :: {"user":{"id":"36761264-a82e-11f0-a726-ea76c2634e0e…
10:44:44 PM [express] GET /api/drafts 304 in 776ms :: [{"id":"2d5ad8f9-d548-45c2-a867-9b2901a7394f","…
10:44:44 PM [express] GET /api/my-published-articles 304 in 793ms :: [{"id":"13cfb578-20bb-4ba5-8641-…
